<?xml version="1.0" encoding="UTF-8"?>
<testng-results skipped="0" failed="0" ignored="0" total="0" passed="0">
  <reporter-output>
  </reporter-output>
  <suite name="com.techfios.session5.AppTest" duration-ms="5" started-at="2021-01-16T18:07:39Z" finished-at="2021-01-16T18:07:39Z">
    <groups>
    </groups>
    <test name="Command line test" duration-ms="5" started-at="2021-01-16T18:07:39Z" finished-at="2021-01-16T18:07:39Z">
    </test> <!-- Command line test -->
  </suite> <!-- com.techfios.session5.AppTest -->
</testng-results>
